# JRE version: OpenJDK Runtime Environment Microsoft-11369865 (17.0.15+6) (build 17.0.15+6-LTS)
# Java VM: OpenJDK 64-Bit Server VM Microsoft-11369865 (17.0.15+6-LTS, mixed mode, sharing, tiered, compressed oops, compressed class ptrs, g1 gc, windows-amd64)
GC Precious Log:
 CPUs: 8 total, 8 available
 Memory: 16315M
 Large Page Support: Disabled
 NUMA Support: Disabled
 Compressed Oops: Enabled (32-bit)
 Heap Region Size: 1M
 Heap Min Capacity: 8M
 Heap Initial Capacity: 256M
 Heap Max Capacity: 2G
 Pre-touch: Disabled
 Parallel Workers: 8
 Concurrent Workers: 2
 Concurrent Refinement Workers: 8
 Periodic GC: Disabled
Heap:
 garbage-first heap   total 205824K, used 165554K [0x0000000080000000, 0x0000000100000000)
  region size 1024K, 57 young (58368K), 5 survivors (5120K)
 Metaspace       used 86025K, committed 87040K, reserved 557056K
  class space    used 11947K, committed 12416K, reserved 425984K
GC Heap History (20 events):
Event: 11.017 GC heap before
{Heap before GC invocations=25 (full 0):
 garbage-first heap   total 116736K, used 84534K [0x0000000080000000, 0x0000000100000000)
  region size 1024K, 21 young (21504K), 2 survivors (2048K)
 Metaspace       used 61467K, committed 62080K, reserved 491520K
  class space    used 8720K, committed 9024K, reserved 425984K
}
Event: 11.023 GC heap after
{Heap after GC invocations=26 (full 0):
 garbage-first heap   total 205824K, used 65625K [0x0000000080000000, 0x0000000100000000)
  region size 1024K, 2 young (2048K), 2 survivors (2048K)
 Metaspace       used 61467K, committed 62080K, reserved 491520K
  class space    used 8720K, committed 9024K, reserved 425984K
}
Event: 11.093 GC heap before
{Heap before GC invocations=26 (full 0):
 garbage-first heap   total 205824K, used 72793K [0x0000000080000000, 0x0000000100000000)
  region size 1024K, 10 young (10240K), 2 survivors (2048K)
 Metaspace       used 61986K, committed 62656K, reserved 491520K
  class space    used 8784K, committed 9088K, reserved 425984K
}
Event: 11.096 GC heap after
{Heap after GC invocations=27 (full 0):
 garbage-first heap   total 205824K, used 65383K [0x0000000080000000, 0x0000000100000000)
  region size 1024K, 1 young (1024K), 1 survivors (1024K)
 Metaspace       used 61986K, committed 62656K, reserved 491520K
  class space    used 8784K, committed 9088K, reserved 425984K
}
Event: 12.306 GC heap before
{Heap before GC invocations=27 (full 0):
 garbage-first heap   total 205824K, used 145255K [0x0000000080000000, 0x0000000100000000)
  region size 1024K, 79 young (80896K), 1 survivors (1024K)
 Metaspace       used 65849K, committed 66496K, reserved 491520K
  class space    used 9321K, committed 9664K, reserved 425984K
}
Event: 12.311 GC heap after
{Heap after GC invocations=28 (full 0):
 garbage-first heap   total 205824K, used 71848K [0x0000000080000000, 0x0000000100000000)
  region size 1024K, 8 young (8192K), 8 survivors (8192K)
 Metaspace       used 65849K, committed 66496K, reserved 491520K
  class space    used 9321K, committed 9664K, reserved 425984K
}
Event: 13.653 GC heap before
{Heap before GC invocations=28 (full 0):
 garbage-first heap   total 205824K, used 149672K [0x0000000080000000, 0x0000000100000000)
  region size 1024K, 84 young (86016K), 8 survivors (8192K)
 Metaspace       used 69970K, committed 70784K, reserved 491520K
  class space    used 9959K, committed 10368K, reserved 425984K
}
Event: 13.659 GC heap after
{Heap after GC invocations=29 (full 0):
 garbage-first heap   total 205824K, used 77289K [0x0000000080000000, 0x0000000100000000)
  region size 1024K, 8 young (8192K), 8 survivors (8192K)
 Metaspace       used 69970K, committed 70784K, reserved 491520K
  class space    used 9959K, committed 10368K, reserved 425984K
}
Event: 14.393 GC heap before
{Heap before GC invocations=29 (full 0):
 garbage-first heap   total 205824K, used 153065K [0x0000000080000000, 0x0000000100000000)
  region size 1024K, 82 young (83968K), 8 survivors (8192K)
 Metaspace       used 71815K, committed 72704K, reserved 491520K
  class space    used 10150K, committed 10560K, reserved 425984K
}
Event: 14.399 GC heap after
{Heap after GC invocations=30 (full 0):
 garbage-first heap   total 205824K, used 84420K [0x0000000080000000, 0x0000000100000000)
  region size 1024K, 9 young (9216K), 9 survivors (9216K)
 Metaspace       used 71815K, committed 72704K, reserved 491520K
  class space    used 10150K, committed 10560K, reserved 425984K
}
Event: 14.658 GC heap before
{Heap before GC invocations=30 (full 0):
 garbage-first heap   total 205824K, used 155076K [0x0000000080000000, 0x0000000100000000)
  region size 1024K, 79 young (80896K), 9 survivors (9216K)
 Metaspace       used 71861K, committed 72704K, reserved 491520K
  class space    used 10150K, committed 10560K, reserved 425984K
}
Event: 14.663 GC heap after
{Heap after GC invocations=31 (full 0):
 garbage-first heap   total 205824K, used 86710K [0x0000000080000000, 0x0000000100000000)
  region size 1024K, 5 young (5120K), 5 survivors (5120K)
 Metaspace       used 71861K, committed 72704K, reserved 491520K
  class space    used 10150K, committed 10560K, reserved 425984K
}
Event: 15.245 GC heap before
{Heap before GC invocations=31 (full 0):
 garbage-first heap   total 205824K, used 166582K [0x0000000080000000, 0x0000000100000000)
  region size 1024K, 76 young (77824K), 5 survivors (5120K)
 Metaspace       used 73360K, committed 74240K, reserved 491520K
  class space    used 10339K, committed 10752K, reserved 425984K
}
Event: 15.249 GC heap after
{Heap after GC invocations=32 (full 0):
 garbage-first heap   total 205824K, used 99732K [0x0000000080000000, 0x0000000100000000)
  region size 1024K, 10 young (10240K), 10 survivors (10240K)
 Metaspace       used 73360K, committed 74240K, reserved 491520K
  class space    used 10339K, committed 10752K, reserved 425984K
}
Event: 15.804 GC heap before
{Heap before GC invocations=32 (full 0):
 garbage-first heap   total 205824K, used 166292K [0x0000000080000000, 0x0000000100000000)
  region size 1024K, 70 young (71680K), 10 survivors (10240K)
 Metaspace       used 78129K, committed 79040K, reserved 557056K
  class space    used 10874K, committed 11328K, reserved 425984K
}
Event: 15.808 GC heap after
{Heap after GC invocations=33 (full 0):
 garbage-first heap   total 205824K, used 106520K [0x0000000080000000, 0x0000000100000000)
  region size 1024K, 6 young (6144K), 6 survivors (6144K)
 Metaspace       used 78129K, committed 79040K, reserved 557056K
  class space    used 10874K, committed 11328K, reserved 425984K
}
Event: 16.308 GC heap before
{Heap before GC invocations=33 (full 0):
 garbage-first heap   total 205824K, used 162840K [0x0000000080000000, 0x0000000100000000)
  region size 1024K, 61 young (62464K), 6 survivors (6144K)
 Metaspace       used 81774K, committed 82688K, reserved 557056K
  class space    used 11350K, committed 11776K, reserved 425984K
}
Event: 16.311 GC heap after
{Heap after GC invocations=34 (full 0):
 garbage-first heap   total 205824K, used 108950K [0x0000000080000000, 0x0000000100000000)
  region size 1024K, 3 young (3072K), 3 survivors (3072K)
 Metaspace       used 81774K, committed 82688K, reserved 557056K
  class space    used 11350K, committed 11776K, reserved 425984K
}
Event: 16.739 GC heap before
{Heap before GC invocations=34 (full 0):
 garbage-first heap   total 205824K, used 168342K [0x0000000080000000, 0x0000000100000000)
  region size 1024K, 59 young (60416K), 3 survivors (3072K)
 Metaspace       used 85344K, committed 86336K, reserved 557056K
  class space    used 11868K, committed 12352K, reserved 425984K
}
Event: 16.742 GC heap after
{Heap after GC invocations=35 (full 0):
 garbage-first heap   total 205824K, used 113330K [0x0000000080000000, 0x0000000100000000)
  region size 1024K, 5 young (5120K), 5 survivors (5120K)
 Metaspace       used 85344K, committed 86336K, reserved 557056K
  class space    used 11868K, committed 12352K, reserved 425984K
}

